#TIPE=KETERANGAN
AFDELING=Afdeling atau Divisi
BIBITAN=Bibitan
BLOK=Blok dalam Afdeling
GUDANG=Gudang Sentral/Berdiri Sendiri
GUDANGTEMP=Gudang Unit dan Gudang Semu
HOLDING=Group Perusahaan terdiri dari beberapa PT
KANWIL=Kantor Wilayah/Area Controller
KEBUN=Kebun/Estate
PABRIK=Pabrik/Mill
PT=Perseroan
SIPIL=Sipil Traksi
STATION=Stasiun dalam Pabrik
STENGINE=Mesin dalam Stasiun
TRAKSI=Divisi Transportasi,Mesin dan Alat Berat
WORKSHOP=Bengkel Sentral
MAINTENANCE=Station Workshop Pabrik
MESS=Mess
SECURITY=Keamanan/Security
OTHER=Other